1:   httpd -D FOREGROUND
Address           Kbytes     RSS   Dirty Mode  Mapping
000055f31a7a4000     532     496       0 r-x-- httpd
000055f31aa29000      12      12      12 r---- httpd
000055f31aa2c000       8       8       8 rw--- httpd
000055f31aa2e000      12       8       8 rw---   [ anon ]
000055f31c2dc000    1576    1440    1440 rw---   [ anon ]
00007f0b6fc2a000   19204     400     400 rw-s- zero (deleted)
00007f0b70eeb000       8       8       0 r-x-- apr_ldap-1.so
00007f0b70eed000    2044       0       0 ----- apr_ldap-1.so
00007f0b710ec000       4       4       4 r---- apr_ldap-1.so
00007f0b710ed000       4       4       4 rw--- apr_ldap-1.so
00007f0b710ee000      48      48       0 r-x-- libnss_files-2.17.so
00007f0b710fa000    2044       0       0 ----- libnss_files-2.17.so
00007f0b712f9000       4       4       4 r---- libnss_files-2.17.so
00007f0b712fa000       4       4       4 rw--- libnss_files-2.17.so
00007f0b712fb000      24       0       0 rw---   [ anon ]
00007f0b71301000      32      32       0 r-x-- libyajl.so.2.0.4
00007f0b71309000    2048       0       0 ----- libyajl.so.2.0.4
00007f0b71509000       4       4       4 r---- libyajl.so.2.0.4
00007f0b7150a000       4       4       4 rw--- libyajl.so.2.0.4
00007f0b7150b000     740     724       0 r-x-- mod_security2.so
00007f0b715c4000    2044       0       0 ----- mod_security2.so
00007f0b717c3000     156     156     156 r---- mod_security2.so
00007f0b717ea000       4       4       4 rw--- mod_security2.so
00007f0b717eb000       4       0       0 rw---   [ anon ]
00007f0b717ec000      28      28       0 r-x-- libffi.so.6.0.1
00007f0b717f3000    2044       0       0 ----- libffi.so.6.0.1
00007f0b719f2000       4       4       4 r---- libffi.so.6.0.1
00007f0b719f3000       4       4       4 rw--- libffi.so.6.0.1
00007f0b719f4000     328     112       0 r-x-- libldap-2.4.so.2.10.7
00007f0b71a46000    2048       0       0 ----- libldap-2.4.so.2.10.7
00007f0b71c46000       8       8       8 r---- libldap-2.4.so.2.10.7
00007f0b71c48000       4       4       4 rw--- libldap-2.4.so.2.10.7
00007f0b71c49000     172      64       0 r-x-- libssh2.so.1.0.1
00007f0b71c74000    2048       0       0 ----- libssh2.so.1.0.1
00007f0b71e74000       4       4       4 r---- libssh2.so.1.0.1
00007f0b71e75000       4       4       4 rw--- libssh2.so.1.0.1
00007f0b71e76000     200      64       0 r-x-- libidn.so.11.6.11
00007f0b71ea8000    2044       0       0 ----- libidn.so.11.6.11
00007f0b720a7000       4       4       4 r---- libidn.so.11.6.11
00007f0b720a8000       4       4       4 rw--- libidn.so.11.6.11
00007f0b720a9000    1400     220       0 r-x-- libxml2.so.2.9.1
00007f0b72207000    2048       0       0 ----- libxml2.so.2.9.1
00007f0b72407000      32      32      32 r---- libxml2.so.2.9.1
00007f0b7240f000       8       8       8 rw--- libxml2.so.2.9.1
00007f0b72411000       8       0       0 rw---   [ anon ]
00007f0b72413000     240      64       0 r-x-- libxslt.so.1.1.28
00007f0b7244f000    2048       0       0 ----- libxslt.so.1.1.28
00007f0b7264f000       4       4       4 r---- libxslt.so.1.1.28
00007f0b72650000       4       4       4 rw--- libxslt.so.1.1.28
00007f0b72651000       4       0       0 rw---   [ anon ]
00007f0b72652000      36      36       0 r-x-- libltdl.so.7.3.0
00007f0b7265b000    2044       0       0 ----- libltdl.so.7.3.0
00007f0b7285a000       4       4       4 r---- libltdl.so.7.3.0
00007f0b7285b000       4       4       4 rw--- libltdl.so.7.3.0
00007f0b7285c000     404      80       0 r-x-- libxmlsec1.so.1.2.20
00007f0b728c1000    2044       0       0 ----- libxmlsec1.so.1.2.20
00007f0b72ac0000      12      12      12 r---- libxmlsec1.so.1.2.20
00007f0b72ac3000       4       4       4 rw--- libxmlsec1.so.1.2.20
00007f0b72ac4000     224      64       0 r-x-- libxmlsec1-openssl.so.1.2.20
00007f0b72afc000    2044       0       0 ----- libxmlsec1-openssl.so.1.2.20
00007f0b72cfb000      12      12      12 r---- libxmlsec1-openssl.so.1.2.20
00007f0b72cfe000       4       4       4 rw--- libxmlsec1-openssl.so.1.2.20
00007f0b72cff000       4       0       0 rw---   [ anon ]
00007f0b72d00000     316     316       0 r-x-- libgobject-2.0.so.0.5600.1
00007f0b72d4f000    2048       0       0 ----- libgobject-2.0.so.0.5600.1
00007f0b72f4f000       4       4       4 r---- libgobject-2.0.so.0.5600.1
00007f0b72f50000       4       4       4 rw--- libgobject-2.0.so.0.5600.1
00007f0b72f51000    1104     572       0 r-x-- libglib-2.0.so.0.5600.1
00007f0b73065000    2044       0       0 ----- libglib-2.0.so.0.5600.1
00007f0b73264000       4       4       4 r---- libglib-2.0.so.0.5600.1
00007f0b73265000       4       4       4 rw--- libglib-2.0.so.0.5600.1
00007f0b73266000       4       4       4 rw---   [ anon ]
00007f0b73267000     408     256       0 r-x-- libcurl.so.4.3.0
00007f0b732cd000    2048       0       0 ----- libcurl.so.4.3.0
00007f0b734cd000       8       8       8 r---- libcurl.so.4.3.0
00007f0b734cf000       4       4       4 rw--- libcurl.so.4.3.0
00007f0b734d0000       4       4       4 rw---   [ anon ]
00007f0b734d1000     456     124       0 r-x-- liblasso.so.3.12.1
00007f0b73543000    2044       0       0 ----- liblasso.so.3.12.1
00007f0b73742000      16      16      16 r---- liblasso.so.3.12.1
00007f0b73746000      32      32      32 rw--- liblasso.so.3.12.1
00007f0b7374e000     120     112       0 r-x-- mod_auth_mellon.so
00007f0b7376c000    2048       0       0 ----- mod_auth_mellon.so
00007f0b7396c000       8       8       8 r---- mod_auth_mellon.so
00007f0b7396e000       4       4       4 rw--- mod_auth_mellon.so
00007f0b7396f000      24      24       0 r-x-- mod_auth_form.so
00007f0b73975000    2048       0       0 ----- mod_auth_form.so
00007f0b73b75000       4       4       4 r---- mod_auth_form.so
00007f0b73b76000       4       4       4 rw--- mod_auth_form.so
00007f0b73b77000      16      16       0 r-x-- mod_session_dbd.so
00007f0b73b7b000    2044       0       0 ----- mod_session_dbd.so
00007f0b73d7a000       4       4       4 r---- mod_session_dbd.so
00007f0b73d7b000       4       4       4 rw--- mod_session_dbd.so
00007f0b73d7c000       8       8       0 r-x-- mod_session_cookie.so
00007f0b73d7e000    2044       0       0 ----- mod_session_cookie.so
00007f0b73f7d000       4       4       4 r---- mod_session_cookie.so
00007f0b73f7e000       4       4       4 rw--- mod_session_cookie.so
00007f0b73f7f000      16      16       0 r-x-- mod_session.so
00007f0b73f83000    2048       0       0 ----- mod_session.so
00007f0b74183000       4       4       4 r---- mod_session.so
00007f0b74184000       4       4       4 rw--- mod_session.so
00007f0b74185000      48      48       0 r-x-- mod_authnz_ldap.so
00007f0b74191000    2044       0       0 ----- mod_authnz_ldap.so
00007f0b74390000       4       4       4 r---- mod_authnz_ldap.so
00007f0b74391000       4       4       4 rw--- mod_authnz_ldap.so
00007f0b74392000     232     232       0 r-x-- libnspr4.so
00007f0b743cc000    2044       0       0 ----- libnspr4.so
00007f0b745cb000       4       4       4 r---- libnspr4.so
00007f0b745cc000       8       8       8 rw--- libnspr4.so
00007f0b745ce000       8       4       4 rw---   [ anon ]
00007f0b745d0000      16      16       0 r-x-- libplc4.so
00007f0b745d4000    2044       0       0 ----- libplc4.so
00007f0b747d3000       4       4       4 r---- libplc4.so
00007f0b747d4000       4       4       4 rw--- libplc4.so
00007f0b747d5000      12      12       0 r-x-- libplds4.so
00007f0b747d8000    2044       0       0 ----- libplds4.so
00007f0b749d7000       4       4       4 r---- libplds4.so
00007f0b749d8000       4       4       4 rw--- libplds4.so
00007f0b749d9000     164      64       0 r-x-- libnssutil3.so
00007f0b74a02000    2044       0       0 ----- libnssutil3.so
00007f0b74c01000      28      28      28 r---- libnssutil3.so
00007f0b74c08000       4       4       4 rw--- libnssutil3.so
00007f0b74c09000    1216     156       0 r-x-- libnss3.so
00007f0b74d39000    2048       0       0 ----- libnss3.so
00007f0b74f39000      20      20      20 r---- libnss3.so
00007f0b74f3e000      12      12      12 rw--- libnss3.so
00007f0b74f41000       4       0       0 rw---   [ anon ]
00007f0b74f42000     148      64       0 r-x-- libsmime3.so
00007f0b74f67000    2044       0       0 ----- libsmime3.so
00007f0b75166000      12      12      12 r---- libsmime3.so
00007f0b75169000       4       4       4 rw--- libsmime3.so
00007f0b7516a000     372      64       0 r-x-- libssl3.so
00007f0b751c7000    2048       0       0 ----- libssl3.so
00007f0b753c7000      16      16      16 r---- libssl3.so
00007f0b753cb000       4       4       4 rw--- libssl3.so
00007f0b753cc000       4       0       0 rw---   [ anon ]
00007f0b753cd000     112      64       0 r-x-- libsasl2.so.3.0.0
00007f0b753e9000    2044       0       0 ----- libsasl2.so.3.0.0
00007f0b755e8000       4       4       4 r---- libsasl2.so.3.0.0
00007f0b755e9000       4       4       4 rw--- libsasl2.so.3.0.0
00007f0b755ea000      56      56       0 r-x-- liblber-2.4.so.2.10.7
00007f0b755f8000    2044       0       0 ----- liblber-2.4.so.2.10.7
00007f0b757f7000       4       4       4 r---- liblber-2.4.so.2.10.7
00007f0b757f8000       4       4       4 rw--- liblber-2.4.so.2.10.7
00007f0b757f9000     356     156       0 r-x-- libldap_r-2.4.so.2.10.7
00007f0b75852000    2048       0       0 ----- libldap_r-2.4.so.2.10.7
00007f0b75a52000       8       8       8 r---- libldap_r-2.4.so.2.10.7
00007f0b75a54000       4       4       4 rw--- libldap_r-2.4.so.2.10.7
00007f0b75a55000      12       0       0 rw---   [ anon ]
00007f0b75a58000      72      72       0 r-x-- mod_ldap.so
00007f0b75a6a000    2048       0       0 ----- mod_ldap.so
00007f0b75c6a000       4       4       4 r---- mod_ldap.so
00007f0b75c6b000       4       4       4 rw--- mod_ldap.so
00007f0b75c6c000      24      24       0 r-x-- mod_cgi.so
00007f0b75c72000    2044       0       0 ----- mod_cgi.so
00007f0b75e71000       4       4       4 r---- mod_cgi.so
00007f0b75e72000       4       4       4 rw--- mod_cgi.so
00007f0b75e73000       8       8       0 r-x-- mod_systemd.so
00007f0b75e75000    2044       0       0 ----- mod_systemd.so
00007f0b76074000       4       4       4 r---- mod_systemd.so
00007f0b76075000       4       4       4 rw--- mod_systemd.so
00007f0b76076000     216     216       0 r-x-- mod_ssl.so
00007f0b760ac000    2044       0       0 ----- mod_ssl.so
00007f0b762ab000      12      12      12 r---- mod_ssl.so
00007f0b762ae000       4       4       4 rw--- mod_ssl.so
00007f0b762af000       8       4       4 rw---   [ anon ]
00007f0b762b1000      12      12       0 r-x-- mod_proxy_wstunnel.so
00007f0b762b4000    2048       0       0 ----- mod_proxy_wstunnel.so
00007f0b764b4000       4       4       4 r---- mod_proxy_wstunnel.so
00007f0b764b5000       4       4       4 rw--- mod_proxy_wstunnel.so
00007f0b764b6000      12      12       0 r-x-- mod_proxy_uwsgi.so
00007f0b764b9000    2044       0       0 ----- mod_proxy_uwsgi.so
00007f0b766b8000       4       4       4 r---- mod_proxy_uwsgi.so
00007f0b766b9000       4       4       4 rw--- mod_proxy_uwsgi.so
00007f0b766ba000      16      16       0 r-x-- mod_proxy_scgi.so
00007f0b766be000    2044       0       0 ----- mod_proxy_scgi.so
00007f0b768bd000       4       4       4 r---- mod_proxy_scgi.so
00007f0b768be000       4       4       4 rw--- mod_proxy_scgi.so
00007f0b768bf000      28      28       0 r-x-- mod_proxy_hcheck.so
00007f0b768c6000    2044       0       0 ----- mod_proxy_hcheck.so
00007f0b76ac5000       4       4       4 r---- mod_proxy_hcheck.so
00007f0b76ac6000       4       4       4 rw--- mod_proxy_hcheck.so
00007f0b76ac7000      36      36       0 r-x-- mod_proxy_http.so
00007f0b76ad0000    2044       0       0 ----- mod_proxy_http.so
00007f0b76ccf000       4       4       4 r---- mod_proxy_http.so
00007f0b76cd0000       4       4       4 rw--- mod_proxy_http.so
00007f0b76cd1000      40      40       0 r-x-- mod_proxy_ftp.so
00007f0b76cdb000    2044       0       0 ----- mod_proxy_ftp.so
00007f0b76eda000       4       4       4 r---- mod_proxy_ftp.so
00007f0b76edb000       4       4       4 rw--- mod_proxy_ftp.so
00007f0b76edc000       8       8       0 r-x-- mod_proxy_fdpass.so
00007f0b76ede000    2044       0       0 ----- mod_proxy_fdpass.so
00007f0b770dd000       4       4       4 r---- mod_proxy_fdpass.so
00007f0b770de000       4       4       4 rw--- mod_proxy_fdpass.so
00007f0b770df000      24      24       0 r-x-- mod_proxy_fcgi.so
00007f0b770e5000    2044       0       0 ----- mod_proxy_fcgi.so
00007f0b772e4000       4       4       4 r---- mod_proxy_fcgi.so
00007f0b772e5000       4       4       4 rw--- mod_proxy_fcgi.so
00007f0b772e6000       8       8       0 r-x-- mod_proxy_express.so
00007f0b772e8000    2048       0       0 ----- mod_proxy_express.so
00007f0b774e8000       4       4       4 r---- mod_proxy_express.so
00007f0b774e9000       4       4       4 rw--- mod_proxy_express.so
00007f0b774ea000      16      16       0 r-x-- mod_proxy_connect.so
00007f0b774ee000    2044       0       0 ----- mod_proxy_connect.so
00007f0b776ed000       4       4       4 r---- mod_proxy_connect.so
00007f0b776ee000       4       4       4 rw--- mod_proxy_connect.so
00007f0b776ef000      48      48       0 r-x-- mod_proxy_balancer.so
00007f0b776fb000    2044       0       0 ----- mod_proxy_balancer.so
00007f0b778fa000       4       4       4 r---- mod_proxy_balancer.so
00007f0b778fb000       4       4       4 rw--- mod_proxy_balancer.so
00007f0b778fc000      48      48       0 r-x-- mod_proxy_ajp.so
00007f0b77908000    2048       0       0 ----- mod_proxy_ajp.so
00007f0b77b08000       4       4       4 r---- mod_proxy_ajp.so
00007f0b77b09000       4       4       4 rw--- mod_proxy_ajp.so
00007f0b77b0a000      12      12       0 r-x-- mod_lbmethod_heartbeat.so
00007f0b77b0d000    2044       0       0 ----- mod_lbmethod_heartbeat.so
00007f0b77d0c000       4       4       4 r---- mod_lbmethod_heartbeat.so
00007f0b77d0d000       4       4       4 rw--- mod_lbmethod_heartbeat.so
00007f0b77d0e000       4       4       0 r-x-- mod_lbmethod_bytraffic.so
00007f0b77d0f000    2044       0       0 ----- mod_lbmethod_bytraffic.so
00007f0b77f0e000       4       4       4 r---- mod_lbmethod_bytraffic.so
00007f0b77f0f000       4       4       4 rw--- mod_lbmethod_bytraffic.so
00007f0b77f10000       4       4       0 r-x-- mod_lbmethod_byrequests.so
00007f0b77f11000    2044       0       0 ----- mod_lbmethod_byrequests.so
00007f0b78110000       4       4       4 r---- mod_lbmethod_byrequests.so
00007f0b78111000       4       4       4 rw--- mod_lbmethod_byrequests.so
00007f0b78112000       4       4       0 r-x-- mod_lbmethod_bybusyness.so
00007f0b78113000    2044       0       0 ----- mod_lbmethod_bybusyness.so
00007f0b78312000       4       4       4 r---- mod_lbmethod_bybusyness.so
00007f0b78313000       4       4       4 rw--- mod_lbmethod_bybusyness.so
00007f0b78314000     120     112       0 r-x-- mod_proxy.so
00007f0b78332000    2048       0       0 ----- mod_proxy.so
00007f0b78532000       4       4       4 r---- mod_proxy.so
00007f0b78533000       4       4       4 rw--- mod_proxy.so
00007f0b78534000      28      28       0 r-x-- mod_mpm_prefork.so
00007f0b7853b000    2044       0       0 ----- mod_mpm_prefork.so
00007f0b7873a000       4       4       4 r---- mod_mpm_prefork.so
00007f0b7873b000       4       4       4 rw--- mod_mpm_prefork.so
00007f0b7873c000     176      64       0 r-x-- liblua-5.1.so
00007f0b78768000    2044       0       0 ----- liblua-5.1.so
00007f0b78967000       8       8       8 r---- liblua-5.1.so
00007f0b78969000       4       4       4 rw--- liblua-5.1.so
00007f0b7896a000     120      96       0 r-x-- mod_lua.so
00007f0b78988000    2048       0       0 ----- mod_lua.so
00007f0b78b88000       4       4       4 r---- mod_lua.so
00007f0b78b89000       4       4       4 rw--- mod_lua.so
00007f0b78b8a000      16      16       0 r-x-- mod_dav_lock.so
00007f0b78b8e000    2044       0       0 ----- mod_dav_lock.so
00007f0b78d8d000       4       4       4 r---- mod_dav_lock.so
00007f0b78d8e000       4       4       4 rw--- mod_dav_lock.so
00007f0b78d8f000      48      48       0 r-x-- mod_dav_fs.so
00007f0b78d9b000    2048       0       0 ----- mod_dav_fs.so
00007f0b78f9b000       4       4       4 r---- mod_dav_fs.so
00007f0b78f9c000       4       4       4 rw--- mod_dav_fs.so
00007f0b78f9d000      92      92       0 r-x-- mod_dav.so
00007f0b78fb4000    2048       0       0 ----- mod_dav.so
00007f0b791b4000       4       4       4 r---- mod_dav.so
00007f0b791b5000       4       4       4 rw--- mod_dav.so
00007f0b791b6000      16      16       0 r-x-- mod_watchdog.so
00007f0b791ba000    2048       0       0 ----- mod_watchdog.so
00007f0b793ba000       4       4       4 r---- mod_watchdog.so
00007f0b793bb000       4       4       4 rw--- mod_watchdog.so
00007f0b793bc000       8       8       0 r-x-- mod_vhost_alias.so
00007f0b793be000    2044       0       0 ----- mod_vhost_alias.so
00007f0b795bd000       4       4       4 r---- mod_vhost_alias.so
00007f0b795be000       4       4       4 rw--- mod_vhost_alias.so
00007f0b795bf000       8       8       0 r-x-- mod_version.so
00007f0b795c1000    2044       0       0 ----- mod_version.so
00007f0b797c0000       4       4       4 r---- mod_version.so
00007f0b797c1000       4       4       4 rw--- mod_version.so
00007f0b797c2000       8       8       0 r-x-- mod_userdir.so
00007f0b797c4000    2044       0       0 ----- mod_userdir.so
00007f0b799c3000       4       4       4 r---- mod_userdir.so
00007f0b799c4000       4       4       4 rw--- mod_userdir.so
00007f0b799c5000      12      12       0 r-x-- mod_unixd.so
00007f0b799c8000    2044       0       0 ----- mod_unixd.so
00007f0b79bc7000       4       4       4 r---- mod_unixd.so
00007f0b79bc8000       4       4       4 rw--- mod_unixd.so
00007f0b79bc9000       4       4       0 r-x-- mod_unique_id.so
00007f0b79bca000    2048       0       0 ----- mod_unique_id.so
00007f0b79dca000       4       4       4 r---- mod_unique_id.so
00007f0b79dcb000       4       4       4 rw--- mod_unique_id.so
00007f0b79dcc000       8       8       0 r-x-- mod_suexec.so
00007f0b79dce000    2044       0       0 ----- mod_suexec.so
00007f0b79fcd000       4       4       4 r---- mod_suexec.so
00007f0b79fce000       4       4       4 rw--- mod_suexec.so
00007f0b79fcf000      16      16       0 r-x-- mod_substitute.so
00007f0b79fd3000    2044       0       0 ----- mod_substitute.so
00007f0b7a1d2000       4       4       4 r---- mod_substitute.so
00007f0b7a1d3000       4       4       4 rw--- mod_substitute.so
00007f0b7a1d4000      20      20       0 r-x-- mod_status.so
00007f0b7a1d9000    2044       0       0 ----- mod_status.so
00007f0b7a3d8000       4       4       4 r---- mod_status.so
00007f0b7a3d9000       4       4       4 rw--- mod_status.so
00007f0b7a3da000      20      20       0 r-x-- mod_socache_shmcb.so
00007f0b7a3df000    2044       0       0 ----- mod_socache_shmcb.so
00007f0b7a5de000       4       4       4 r---- mod_socache_shmcb.so
00007f0b7a5df000       4       4       4 rw--- mod_socache_shmcb.so
00007f0b7a5e0000      12      12       0 r-x-- mod_socache_memcache.so
00007f0b7a5e3000    2044       0       0 ----- mod_socache_memcache.so
00007f0b7a7e2000       4       4       4 r---- mod_socache_memcache.so
00007f0b7a7e3000       4       4       4 rw--- mod_socache_memcache.so
00007f0b7a7e4000      12      12       0 r-x-- mod_socache_dbm.so
00007f0b7a7e7000    2044       0       0 ----- mod_socache_dbm.so
00007f0b7a9e6000       4       4       4 r---- mod_socache_dbm.so
00007f0b7a9e7000       4       4       4 rw--- mod_socache_dbm.so
00007f0b7a9e8000      16      16       0 r-x-- mod_slotmem_shm.so
00007f0b7a9ec000    2044       0       0 ----- mod_slotmem_shm.so
00007f0b7abeb000       4       4       4 r---- mod_slotmem_shm.so
00007f0b7abec000       4       4       4 rw--- mod_slotmem_shm.so
00007f0b7abed000       8       8       0 r-x-- mod_slotmem_plain.so
00007f0b7abef000    2044       0       0 ----- mod_slotmem_plain.so
00007f0b7adee000       4       4       4 r---- mod_slotmem_plain.so
00007f0b7adef000       4       4       4 rw--- mod_slotmem_plain.so
00007f0b7adf0000      12      12       0 r-x-- mod_setenvif.so
00007f0b7adf3000    2044       0       0 ----- mod_setenvif.so
00007f0b7aff2000       4       4       4 r---- mod_setenvif.so
00007f0b7aff3000       4       4       4 rw--- mod_setenvif.so
00007f0b7aff4000      64      64       0 r-x-- mod_rewrite.so
00007f0b7b004000    2044       0       0 ----- mod_rewrite.so
00007f0b7b203000       4       4       4 r---- mod_rewrite.so
00007f0b7b204000       4       4       4 rw--- mod_rewrite.so
00007f0b7b205000       8       8       0 r-x-- mod_request.so
00007f0b7b207000    2048       0       0 ----- mod_request.so
00007f0b7b407000       4       4       4 r---- mod_request.so
00007f0b7b408000       4       4       4 rw--- mod_request.so
00007f0b7b409000      12      12       0 r-x-- mod_reqtimeout.so
00007f0b7b40c000    2044       0       0 ----- mod_reqtimeout.so
00007f0b7b60b000       4       4       4 r---- mod_reqtimeout.so
00007f0b7b60c000       4       4       4 rw--- mod_reqtimeout.so
00007f0b7b60d000      20      20       0 r-x-- mod_remoteip.so
00007f0b7b612000    2048       0       0 ----- mod_remoteip.so
00007f0b7b812000       4       4       4 r---- mod_remoteip.so
00007f0b7b813000       4       4       4 rw--- mod_remoteip.so
00007f0b7b814000      32      32       0 r-x-- mod_negotiation.so
00007f0b7b81c000    2044       0       0 ----- mod_negotiation.so
00007f0b7ba1b000       4       4       4 r---- mod_negotiation.so
00007f0b7ba1c000       4       4       4 rw--- mod_negotiation.so
00007f0b7ba1d000      16      16       0 r-x-- mod_mime.so
00007f0b7ba21000    2044       0       0 ----- mod_mime.so
00007f0b7bc20000       4       4       4 r---- mod_mime.so
00007f0b7bc21000       4       4       4 rw--- mod_mime.so
00007f0b7bc22000      24      24       0 r-x-- mod_mime_magic.so
00007f0b7bc28000    2044       0       0 ----- mod_mime_magic.so
00007f0b7be27000       4       4       4 r---- mod_mime_magic.so
00007f0b7be28000       4       4       4 rw--- mod_mime_magic.so
00007f0b7be29000      16      16       0 r-x-- mod_macro.so
00007f0b7be2d000    2044       0       0 ----- mod_macro.so
00007f0b7c02c000       4       4       4 r---- mod_macro.so
00007f0b7c02d000       4       4       4 rw--- mod_macro.so
00007f0b7c02e000       8       8       0 r-x-- mod_logio.so
00007f0b7c030000    2044       0       0 ----- mod_logio.so
00007f0b7c22f000       4       4       4 r---- mod_logio.so
00007f0b7c230000       4       4       4 rw--- mod_logio.so
00007f0b7c231000      24      24       0 r-x-- mod_log_config.so
00007f0b7c237000    2048       0       0 ----- mod_log_config.so
00007f0b7c437000       4       4       4 r---- mod_log_config.so
00007f0b7c438000       4       4       4 rw--- mod_log_config.so
00007f0b7c439000      24      24       0 r-x-- mod_info.so
00007f0b7c43f000    2044       0       0 ----- mod_info.so
00007f0b7c63e000       4       4       4 r---- mod_info.so
00007f0b7c63f000       4       4       4 rw--- mod_info.so
00007f0b7c640000      44      44       0 r-x-- mod_include.so
00007f0b7c64b000    2048       0       0 ----- mod_include.so
00007f0b7c84b000       4       4       4 r---- mod_include.so
00007f0b7c84c000       4       4       4 rw--- mod_include.so
00007f0b7c84d000      12      12       0 r-x-- libkeyutils.so.1.5
00007f0b7c850000    2044       0       0 ----- libkeyutils.so.1.5
00007f0b7ca4f000       4       4       4 r---- libkeyutils.so.1.5
00007f0b7ca50000       4       4       4 rw--- libkeyutils.so.1.5
00007f0b7ca51000      56      56       0 r-x-- libkrb5support.so.0.1
00007f0b7ca5f000    2048       0       0 ----- libkrb5support.so.0.1
00007f0b7cc5f000       4       4       4 r---- libkrb5support.so.0.1
00007f0b7cc60000       4       4       4 rw--- libkrb5support.so.0.1
00007f0b7cc61000     196      64       0 r-x-- libk5crypto.so.3.1
00007f0b7cc92000    2044       0       0 ----- libk5crypto.so.3.1
00007f0b7ce91000       8       8       8 r---- libk5crypto.so.3.1
00007f0b7ce93000       4       4       4 rw--- libk5crypto.so.3.1
00007f0b7ce94000      12      12       0 r-x-- libcom_err.so.2.1
00007f0b7ce97000    2044       0       0 ----- libcom_err.so.2.1
00007f0b7d096000       4       4       4 r---- libcom_err.so.2.1
00007f0b7d097000       4       4       4 rw--- libcom_err.so.2.1
00007f0b7d098000     868     160       0 r-x-- libkrb5.so.3.3
00007f0b7d171000    2044       0       0 ----- libkrb5.so.3.3
00007f0b7d370000      56      56      56 r---- libkrb5.so.3.3
00007f0b7d37e000      12      12      12 rw--- libkrb5.so.3.3
00007f0b7d381000     296      64       0 r-x-- libgssapi_krb5.so.2.2
00007f0b7d3cb000    2048       0       0 ----- libgssapi_krb5.so.2.2
00007f0b7d5cb000       4       4       4 r---- libgssapi_krb5.so.2.2
00007f0b7d5cc000       8       8       8 rw--- libgssapi_krb5.so.2.2
00007f0b7d5ce000     128     120       0 r-x-- libnghttp2-httpd24.so.14.4.1
00007f0b7d5ee000    2044       0       0 ----- libnghttp2-httpd24.so.14.4.1
00007f0b7d7ed000       4       4       4 r---- libnghttp2-httpd24.so.14.4.1
00007f0b7d7ee000       8       8       8 rw--- libnghttp2-httpd24.so.14.4.1
00007f0b7d7f0000    2268    1728       0 r-x-- libcrypto.so.1.0.2k
00007f0b7da27000    2044       0       0 ----- libcrypto.so.1.0.2k
00007f0b7dc26000     112     112     112 r---- libcrypto.so.1.0.2k
00007f0b7dc42000      52      52      52 rw--- libcrypto.so.1.0.2k
00007f0b7dc4f000      16      12      12 rw---   [ anon ]
00007f0b7dc53000     412     372       0 r-x-- libssl.so.1.0.2k
00007f0b7dcba000    2048       0       0 ----- libssl.so.1.0.2k
00007f0b7deba000      16      16      16 r---- libssl.so.1.0.2k
00007f0b7debe000      28      28      28 rw--- libssl.so.1.0.2k
00007f0b7dec5000     240     236       0 r-x-- mod_http2.so
00007f0b7df01000    2044       0       0 ----- mod_http2.so
00007f0b7e100000       8       8       8 r---- mod_http2.so
00007f0b7e102000       4       4       4 rw--- mod_http2.so
00007f0b7e103000      16      16       0 r-x-- mod_headers.so
00007f0b7e107000    2048       0       0 ----- mod_headers.so
00007f0b7e307000       4       4       4 r---- mod_headers.so
00007f0b7e308000       4       4       4 rw--- mod_headers.so
00007f0b7e309000      16      16       0 r-x-- mod_filter.so
00007f0b7e30d000    2044       0       0 ----- mod_filter.so
00007f0b7e50c000       4       4       4 r---- mod_filter.so
00007f0b7e50d000       4       4       4 rw--- mod_filter.so
00007f0b7e50e000      20      20       0 r-x-- mod_ext_filter.so
00007f0b7e513000    2044       0       0 ----- mod_ext_filter.so
00007f0b7e712000       4       4       4 r---- mod_ext_filter.so
00007f0b7e713000       4       4       4 rw--- mod_ext_filter.so
00007f0b7e714000       8       8       0 r-x-- mod_expires.so
00007f0b7e716000    2048       0       0 ----- mod_expires.so
00007f0b7e916000       4       4       4 r---- mod_expires.so
00007f0b7e917000       4       4       4 rw--- mod_expires.so
00007f0b7e918000       8       8       0 r-x-- mod_env.so
00007f0b7e91a000    2044       0       0 ----- mod_env.so
00007f0b7eb19000       4       4       4 r---- mod_env.so
00007f0b7eb1a000       4       4       4 rw--- mod_env.so
00007f0b7eb1b000       8       8       0 r-x-- mod_echo.so
00007f0b7eb1d000    2044       0       0 ----- mod_echo.so
00007f0b7ed1c000       4       4       4 r---- mod_echo.so
00007f0b7ed1d000       4       4       4 rw--- mod_echo.so
00007f0b7ed1e000       8       8       0 r-x-- mod_dumpio.so
00007f0b7ed20000    2044       0       0 ----- mod_dumpio.so
00007f0b7ef1f000       4       4       4 r---- mod_dumpio.so
00007f0b7ef20000       4       4       4 rw--- mod_dumpio.so
00007f0b7ef21000       8       8       0 r-x-- mod_dir.so
00007f0b7ef23000    2048       0       0 ----- mod_dir.so
00007f0b7f123000       4       4       4 r---- mod_dir.so
00007f0b7f124000       4       4       4 rw--- mod_dir.so
00007f0b7f125000      32      32       0 r-x-- mod_deflate.so
00007f0b7f12d000    2044       0       0 ----- mod_deflate.so
00007f0b7f32c000       4       4       4 r---- mod_deflate.so
00007f0b7f32d000       4       4       4 rw--- mod_deflate.so
00007f0b7f32e000      16      16       0 r-x-- mod_dbd.so
00007f0b7f332000    2048       0       0 ----- mod_dbd.so
00007f0b7f532000       4       4       4 r---- mod_dbd.so
00007f0b7f533000       4       4       4 rw--- mod_dbd.so
00007f0b7f534000       8       8       0 r-x-- mod_data.so
00007f0b7f536000    2044       0       0 ----- mod_data.so
00007f0b7f735000       4       4       4 r---- mod_data.so
00007f0b7f736000       4       4       4 rw--- mod_data.so
00007f0b7f737000      32      32       0 r-x-- mod_cache_socache.so
00007f0b7f73f000    2044       0       0 ----- mod_cache_socache.so
00007f0b7f93e000       4       4       4 r---- mod_cache_socache.so
00007f0b7f93f000       4       4       4 rw--- mod_cache_socache.so
00007f0b7f940000      28      28       0 r-x-- mod_cache_disk.so
00007f0b7f947000    2048       0       0 ----- mod_cache_disk.so
00007f0b7fb47000       4       4       4 r---- mod_cache_disk.so
00007f0b7fb48000       4       4       4 rw--- mod_cache_disk.so
00007f0b7fb49000      68      64       0 r-x-- mod_cache.so
00007f0b7fb5a000    2048       0       0 ----- mod_cache.so
00007f0b7fd5a000       4       4       4 r---- mod_cache.so
00007f0b7fd5b000       4       4       4 rw--- mod_cache.so
00007f0b7fd5c000      32      32       0 r-x-- mod_autoindex.so
00007f0b7fd64000    2048       0       0 ----- mod_autoindex.so
00007f0b7ff64000       4       4       4 r---- mod_autoindex.so
00007f0b7ff65000       4       4       4 rw--- mod_autoindex.so
00007f0b7ff66000       8       8       0 r-x-- mod_authz_user.so
00007f0b7ff68000    2044       0       0 ----- mod_authz_user.so
00007f0b80167000       4       4       4 r---- mod_authz_user.so
00007f0b80168000       4       4       4 rw--- mod_authz_user.so
00007f0b80169000       8       8       0 r-x-- mod_authz_owner.so
00007f0b8016b000    2044       0       0 ----- mod_authz_owner.so
00007f0b8036a000       4       4       4 r---- mod_authz_owner.so
00007f0b8036b000       4       4       4 rw--- mod_authz_owner.so
00007f0b8036c000       8       8       0 r-x-- mod_authz_host.so
00007f0b8036e000    2048       0       0 ----- mod_authz_host.so
00007f0b8056e000       4       4       4 r---- mod_authz_host.so
00007f0b8056f000       4       4       4 rw--- mod_authz_host.so
00007f0b80570000       8       8       0 r-x-- mod_authz_groupfile.so
00007f0b80572000    2048       0       0 ----- mod_authz_groupfile.so
00007f0b80772000       4       4       4 r---- mod_authz_groupfile.so
00007f0b80773000       4       4       4 rw--- mod_authz_groupfile.so
00007f0b80774000       8       8       0 r-x-- mod_authz_dbm.so
00007f0b80776000    2048       0       0 ----- mod_authz_dbm.so
00007f0b80976000       4       4       4 r---- mod_authz_dbm.so
00007f0b80977000       4       4       4 rw--- mod_authz_dbm.so
00007f0b80978000      12      12       0 r-x-- mod_authz_dbd.so
00007f0b8097b000    2044       0       0 ----- mod_authz_dbd.so
00007f0b80b7a000       4       4       4 r---- mod_authz_dbd.so
00007f0b80b7b000       4       4       4 rw--- mod_authz_dbd.so
00007f0b80b7c000      20      20       0 r-x-- mod_authz_core.so
00007f0b80b81000    2044       0       0 ----- mod_authz_core.so
00007f0b80d80000       4       4       4 r---- mod_authz_core.so
00007f0b80d81000       4       4       4 rw--- mod_authz_core.so
00007f0b80d82000      16      16       0 r-x-- mod_authn_socache.so
00007f0b80d86000    2044       0       0 ----- mod_authn_socache.so
00007f0b80f85000       4       4       4 r---- mod_authn_socache.so
00007f0b80f86000       4       4       4 rw--- mod_authn_socache.so
00007f0b80f87000       8       8       0 r-x-- mod_authn_file.so
00007f0b80f89000    2044       0       0 ----- mod_authn_file.so
00007f0b81188000       4       4       4 r---- mod_authn_file.so
00007f0b81189000       4       4       4 rw--- mod_authn_file.so
00007f0b8118a000       8       8       0 r-x-- mod_authn_dbm.so
00007f0b8118c000    2044       0       0 ----- mod_authn_dbm.so
00007f0b8138b000       4       4       4 r---- mod_authn_dbm.so
00007f0b8138c000       4       4       4 rw--- mod_authn_dbm.so
00007f0b8138d000       8       8       0 r-x-- mod_authn_dbd.so
00007f0b8138f000    2048       0       0 ----- mod_authn_dbd.so
00007f0b8158f000       4       4       4 r---- mod_authn_dbd.so
00007f0b81590000       4       4       4 rw--- mod_authn_dbd.so
00007f0b81591000       8       8       0 r-x-- mod_authn_core.so
00007f0b81593000    2048       0       0 ----- mod_authn_core.so
00007f0b81793000       4       4       4 r---- mod_authn_core.so
00007f0b81794000       4       4       4 rw--- mod_authn_core.so
00007f0b81795000       8       8       0 r-x-- mod_authn_anon.so
00007f0b81797000    2044       0       0 ----- mod_authn_anon.so
00007f0b81996000       4       4       4 r---- mod_authn_anon.so
00007f0b81997000       4       4       4 rw--- mod_authn_anon.so
00007f0b81998000      32      32       0 r-x-- mod_auth_digest.so
00007f0b819a0000    2044       0       0 ----- mod_auth_digest.so
00007f0b81b9f000       4       4       4 r---- mod_auth_digest.so
00007f0b81ba0000       4       4       4 rw--- mod_auth_digest.so
00007f0b81ba1000      12      12       0 r-x-- mod_auth_basic.so
00007f0b81ba4000    2044       0       0 ----- mod_auth_basic.so
00007f0b81da3000       4       4       4 r---- mod_auth_basic.so
00007f0b81da4000       4       4       4 rw--- mod_auth_basic.so
00007f0b81da5000       4       4       0 r-x-- mod_allowmethods.so
00007f0b81da6000    2048       0       0 ----- mod_allowmethods.so
00007f0b81fa6000       4       4       4 r---- mod_allowmethods.so
00007f0b81fa7000       4       4       4 rw--- mod_allowmethods.so
00007f0b81fa8000      16      16       0 r-x-- mod_alias.so
00007f0b81fac000    2044       0       0 ----- mod_alias.so
00007f0b821ab000       4       4       4 r---- mod_alias.so
00007f0b821ac000       4       4       4 rw--- mod_alias.so
00007f0b821ad000       8       8       0 r-x-- mod_actions.so
00007f0b821af000    2044       0       0 ----- mod_actions.so
00007f0b823ae000       4       4       4 r---- mod_actions.so
00007f0b823af000       4       4       4 rw--- mod_actions.so
00007f0b823b0000       8       8       0 r-x-- mod_access_compat.so
00007f0b823b2000    2044       0       0 ----- mod_access_compat.so
00007f0b825b1000       4       4       4 r---- mod_access_compat.so
00007f0b825b2000       4       4       4 rw--- mod_access_compat.so
00007f0b825b3000      60      60       0 r-x-- libbz2.so.1.0.6
00007f0b825c2000    2044       0       0 ----- libbz2.so.1.0.6
00007f0b827c1000       4       4       4 r---- libbz2.so.1.0.6
00007f0b827c2000       4       4       4 rw--- libbz2.so.1.0.6
00007f0b827c3000      84      64       0 r-x-- libz.so.1.2.7
00007f0b827d8000    2044       0       0 ----- libz.so.1.2.7
00007f0b829d7000       4       4       4 r---- libz.so.1.2.7
00007f0b829d8000       4       4       4 rw--- libz.so.1.2.7
00007f0b829d9000      92      64       0 r-x-- libelf-0.176.so
00007f0b829f0000    2044       0       0 ----- libelf-0.176.so
00007f0b82bef000       4       4       4 r---- libelf-0.176.so
00007f0b82bf0000       4       4       4 rw--- libelf-0.176.so
00007f0b82bf1000      16      16       0 r-x-- libattr.so.1.1.0
00007f0b82bf5000    2044       0       0 ----- libattr.so.1.1.0
00007f0b82df4000       4       4       4 r---- libattr.so.1.1.0
00007f0b82df5000       4       4       4 rw--- libattr.so.1.1.0
00007f0b82df6000       8       8       0 r-x-- libfreebl3.so
00007f0b82df8000    2044       0       0 ----- libfreebl3.so
00007f0b82ff7000       4       4       4 r---- libfreebl3.so
00007f0b82ff8000       4       4       4 rw--- libfreebl3.so
00007f0b82ff9000      16      16       0 r-x-- libuuid.so.1.3.0
00007f0b82ffd000    2044       0       0 ----- libuuid.so.1.3.0
00007f0b831fc000       4       4       4 r---- libuuid.so.1.3.0
00007f0b831fd000       4       4       4 rw--- libuuid.so.1.3.0
00007f0b831fe000      84      72       0 r-x-- libgcc_s-4.8.5-20150702.so.1
00007f0b83213000    2044       0       0 ----- libgcc_s-4.8.5-20150702.so.1
00007f0b83412000       4       4       4 r---- libgcc_s-4.8.5-20150702.so.1
00007f0b83413000       4       4       4 rw--- libgcc_s-4.8.5-20150702.so.1
00007f0b83414000     312     112       0 r-x-- libdw-0.176.so
00007f0b83462000    2048       0       0 ----- libdw-0.176.so
00007f0b83662000       8       8       8 r---- libdw-0.176.so
00007f0b83664000       4       4       4 rw--- libdw-0.176.so
00007f0b83665000      88      64       0 r-x-- libresolv-2.17.so
00007f0b8367b000    2048       0       0 ----- libresolv-2.17.so
00007f0b8387b000       4       4       4 r---- libresolv-2.17.so
00007f0b8387c000       4       4       4 rw--- libresolv-2.17.so
00007f0b8387d000       8       0       0 rw---   [ anon ]
00007f0b8387f000      16      16       0 r-x-- libgpg-error.so.0.10.0
00007f0b83883000    2044       0       0 ----- libgpg-error.so.0.10.0
00007f0b83a82000       4       4       4 r---- libgpg-error.so.0.10.0
00007f0b83a83000       4       4       4 rw--- libgpg-error.so.0.10.0
00007f0b83a84000     500     128       0 r-x-- libgcrypt.so.11.8.2
00007f0b83b01000    2044       0       0 ----- libgcrypt.so.11.8.2
00007f0b83d00000       4       4       4 r---- libgcrypt.so.11.8.2
00007f0b83d01000      12      12      12 rw--- libgcrypt.so.11.8.2
00007f0b83d04000       4       0       0 rw---   [ anon ]
00007f0b83d05000      56      56       0 r-x-- liblz4.so.1.8.3
00007f0b83d13000    2044       0       0 ----- liblz4.so.1.8.3
00007f0b83f12000       4       4       4 r---- liblz4.so.1.8.3
00007f0b83f13000       4       4       4 rw--- liblz4.so.1.8.3
00007f0b83f14000     148      64       0 r-x-- liblzma.so.5.2.2
00007f0b83f39000    2044       0       0 ----- liblzma.so.5.2.2
00007f0b84138000       4       4       4 r---- liblzma.so.5.2.2
00007f0b84139000       4       4       4 rw--- liblzma.so.5.2.2
00007f0b8413a000      28      28       0 r-x-- librt-2.17.so
00007f0b84141000    2044       0       0 ----- librt-2.17.so
00007f0b84340000       4       4       4 r---- librt-2.17.so
00007f0b84341000       4       4       4 rw--- librt-2.17.so
00007f0b84342000    1028     248       0 r-x-- libm-2.17.so
00007f0b84443000    2044       0       0 ----- libm-2.17.so
00007f0b84642000       4       4       4 r---- libm-2.17.so
00007f0b84643000       4       4       4 rw--- libm-2.17.so
00007f0b84644000      16      16       0 r-x-- libcap.so.2.22
00007f0b84648000    2044       0       0 ----- libcap.so.2.22
00007f0b84847000       4       4       4 r---- libcap.so.2.22
00007f0b84848000       4       4       4 rw--- libcap.so.2.22
00007f0b84849000    1808    1500       0 r-x-- libc-2.17.so
00007f0b84a0d000    2044       0       0 ----- libc-2.17.so
00007f0b84c0c000      16      16      16 r---- libc-2.17.so
00007f0b84c10000       8       8       8 rw--- libc-2.17.so
00007f0b84c12000      20      20      20 rw---   [ anon ]
00007f0b84c17000       8       8       0 r-x-- libdl-2.17.so
00007f0b84c19000    2048       0       0 ----- libdl-2.17.so
00007f0b84e19000       4       4       4 r---- libdl-2.17.so
00007f0b84e1a000       4       4       4 rw--- libdl-2.17.so
00007f0b84e1b000      92      84       0 r-x-- libpthread-2.17.so
00007f0b84e32000    2044       0       0 ----- libpthread-2.17.so
00007f0b85031000       4       4       4 r---- libpthread-2.17.so
00007f0b85032000       4       4       4 rw--- libpthread-2.17.so
00007f0b85033000      16       4       4 rw---   [ anon ]
00007f0b85037000     180     164       0 r-x-- libapr-1.so.0.4.8
00007f0b85064000    2048       0       0 ----- libapr-1.so.0.4.8
00007f0b85264000       4       4       4 r---- libapr-1.so.0.4.8
00007f0b85265000       4       4       4 rw--- libapr-1.so.0.4.8
00007f0b85266000    1744     232       0 r-x-- libdb-5.3.so
00007f0b8541a000    2048       0       0 ----- libdb-5.3.so
00007f0b8561a000      28      28      28 r---- libdb-5.3.so
00007f0b85621000      12      12      12 rw--- libdb-5.3.so
00007f0b85624000     160      64       0 r-x-- libexpat.so.1.6.0
00007f0b8564c000    2044       0       0 ----- libexpat.so.1.6.0
00007f0b8584b000       8       8       8 r---- libexpat.so.1.6.0
00007f0b8584d000       4       4       4 rw--- libexpat.so.1.6.0
00007f0b8584e000      32      32       0 r-x-- libcrypt-2.17.so
00007f0b85856000    2044       0       0 ----- libcrypt-2.17.so
00007f0b85a55000       4       4       4 r---- libcrypt-2.17.so
00007f0b85a56000       4       4       4 rw--- libcrypt-2.17.so
00007f0b85a57000     184       0       0 rw---   [ anon ]
00007f0b85a85000     160     160       0 r-x-- libaprutil-1.so.0.5.2
00007f0b85aad000    2044       0       0 ----- libaprutil-1.so.0.5.2
00007f0b85cac000       4       4       4 r---- libaprutil-1.so.0.5.2
00007f0b85cad000       4       4       4 rw--- libaprutil-1.so.0.5.2
00007f0b85cae000     188     180       0 r-x-- libsystemd.so.0.6.0
00007f0b85cdd000    2048       0       0 ----- libsystemd.so.0.6.0
00007f0b85edd000       4       4       4 r---- libsystemd.so.0.6.0
00007f0b85ede000       4       4       4 rw--- libsystemd.so.0.6.0
00007f0b85edf000     144     128       0 r-x-- libselinux.so.1
00007f0b85f03000    2044       0       0 ----- libselinux.so.1
00007f0b86102000       4       4       4 r---- libselinux.so.1
00007f0b86103000       4       4       4 rw--- libselinux.so.1
00007f0b86104000       8       4       4 rw---   [ anon ]
00007f0b86106000     384     320       0 r-x-- libpcre.so.1.2.0
00007f0b86166000    2048       0       0 ----- libpcre.so.1.2.0
00007f0b86366000       4       4       4 r---- libpcre.so.1.2.0
00007f0b86367000       4       4       4 rw--- libpcre.so.1.2.0
00007f0b86368000      40      40       0 r-x-- libnss_wrapper.so.0.1.0
00007f0b86372000    2044       0       0 ----- libnss_wrapper.so.0.1.0
00007f0b86571000       4       4       4 r---- libnss_wrapper.so.0.1.0
00007f0b86572000       4       4       4 rw--- libnss_wrapper.so.0.1.0
00007f0b86573000       4       4       4 rw---   [ anon ]
00007f0b86574000     136     136       0 r-x-- ld-2.17.so
00007f0b86674000      80      80      80 rw-s- zero (deleted)
00007f0b86688000     492       4       4 rw-s- zero (deleted)
00007f0b86703000     504     128     128 rw-s- zero (deleted)
00007f0b86781000      60      60      60 rw---   [ anon ]
00007f0b86792000       4       4       4 rw-s- zero (deleted)
00007f0b86793000       4       4       4 rw-s- zero (deleted)
00007f0b86794000       4       4       4 rw---   [ anon ]
00007f0b86795000       4       4       4 r---- ld-2.17.so
00007f0b86796000       4       4       4 rw--- ld-2.17.so
00007f0b86797000       4       4       4 rw---   [ anon ]
00007fff8cae2000     132      28      28 rw---   [ stack ]
00007fff8cb11000      16       0       0 r----   [ anon ]
00007fff8cb15000       8       4       0 r-x--   [ anon ]
ffffffffff600000       4       0       0 r-x--   [ anon ]
---------------- ------- ------- ------- 
total kB          373556   17600    4196
